# JRE version: Java(TM) SE Runtime Environment (8.0_73-b02) (build 1.8.0_73-b02)
# Java VM: Java HotSpot(TM) 64-Bit Server VM (25.73-b02 mixed mode windows-amd64 compressed oops)
Heap:
 PSYoungGen      total 277504K, used 69996K [0x00000000e1900000, 0x00000000f8500000, 0x0000000100000000)
  eden space 258048K, 19% used [0x00000000e1900000,0x00000000e4a5cee0,0x00000000f1500000)
  from space 19456K, 99% used [0x00000000f1500000,0x00000000f27fe158,0x00000000f2800000)
  to   space 23040K, 0% used [0x00000000f6e80000,0x00000000f6e80000,0x00000000f8500000)
 ParOldGen       total 91136K, used 35061K [0x00000000a4a00000, 0x00000000aa300000, 0x00000000e1900000)
  object space 91136K, 38% used [0x00000000a4a00000,0x00000000a6c3d668,0x00000000aa300000)
 Metaspace       used 50089K, capacity 50734K, committed 51072K, reserved 1093632K
  class space    used 6262K, capacity 6401K, committed 6528K, reserved 1048576K
GC Heap History (10 events):
Event: 1.970 GC heap before
{Heap before GC invocations=9 (full 1):
 PSYoungGen      total 203776K, used 7607K [0x00000000e1900000, 0x00000000eeb00000, 0x0000000100000000)
  eden space 192512K, 0% used [0x00000000e1900000,0x00000000e1900000,0x00000000ed500000)
  from space 11264K, 67% used [0x00000000ee000000,0x00000000ee76df40,0x00000000eeb00000)
  to   space 11264K, 0% used [0x00000000ed500000,0x00000000ed500000,0x00000000ee000000)
 ParOldGen       total 62976K, used 18850K [0x00000000a4a00000, 0x00000000a8780000, 0x00000000e1900000)
  object space 62976K, 29% used [0x00000000a4a00000,0x00000000a5c688c0,0x00000000a8780000)
 Metaspace       used 20781K, capacity 21064K, committed 21248K, reserved 1067008K
  class space    used 2639K, capacity 2703K, committed 2816K, reserved 1048576K
Event: 2.005 GC heap after
Heap after GC invocations=9 (full 1):
 PSYoungGen      total 203776K, used 0K [0x00000000e1900000, 0x00000000eeb00000, 0x0000000100000000)
  eden space 192512K, 0% used [0x00000000e1900000,0x00000000e1900000,0x00000000ed500000)
  from space 11264K, 0% used [0x00000000ee000000,0x00000000ee000000,0x00000000eeb00000)
  to   space 11264K, 0% used [0x00000000ed500000,0x00000000ed500000,0x00000000ee000000)
 ParOldGen       total 54272K, used 15243K [0x00000000a4a00000, 0x00000000a7f00000, 0x00000000e1900000)
  object space 54272K, 28% used [0x00000000a4a00000,0x00000000a58e2e08,0x00000000a7f00000)
 Metaspace       used 20781K, capacity 21064K, committed 21248K, reserved 1067008K
  class space    used 2639K, capacity 2703K, committed 2816K, reserved 1048576K
}
Event: 3.243 GC heap before
{Heap before GC invocations=10 (full 1):
 PSYoungGen      total 203776K, used 192512K [0x00000000e1900000, 0x00000000eeb00000, 0x0000000100000000)
  eden space 192512K, 100% used [0x00000000e1900000,0x00000000ed500000,0x00000000ed500000)
  from space 11264K, 0% used [0x00000000ee000000,0x00000000ee000000,0x00000000eeb00000)
  to   space 11264K, 0% used [0x00000000ed500000,0x00000000ed500000,0x00000000ee000000)
 ParOldGen       total 54272K, used 15243K [0x00000000a4a00000, 0x00000000a7f00000, 0x00000000e1900000)
  object space 54272K, 28% used [0x00000000a4a00000,0x00000000a58e2e08,0x00000000a7f00000)
 Metaspace       used 29735K, capacity 30142K, committed 30464K, reserved 1075200K
  class space    used 3703K, capacity 3784K, committed 3840K, reserved 1048576K
Event: 3.261 GC heap after
Heap after GC invocations=10 (full 1):
 PSYoungGen      total 203776K, used 11244K [0x00000000e1900000, 0x00000000f3780000, 0x0000000100000000)
  eden space 192512K, 0% used [0x00000000e1900000,0x00000000e1900000,0x00000000ed500000)
  from space 11264K, 99% used [0x00000000ed500000,0x00000000edffb368,0x00000000ee000000)
  to   space 15872K, 0% used [0x00000000f2800000,0x00000000f2800000,0x00000000f3780000)
 ParOldGen       total 54272K, used 24626K [0x00000000a4a00000, 0x00000000a7f00000, 0x00000000e1900000)
  object space 54272K, 45% used [0x00000000a4a00000,0x00000000a620ca18,0x00000000a7f00000)
 Metaspace       used 29735K, capacity 30142K, committed 30464K, reserved 1075200K
  class space    used 3703K, capacity 3784K, committed 3840K, reserved 1048576K
}
Event: 4.216 GC heap before
{Heap before GC invocations=11 (full 1):
 PSYoungGen      total 203776K, used 126436K [0x00000000e1900000, 0x00000000f3780000, 0x0000000100000000)
  eden space 192512K, 59% used [0x00000000e1900000,0x00000000e897e048,0x00000000ed500000)
  from space 11264K, 99% used [0x00000000ed500000,0x00000000edffb368,0x00000000ee000000)
  to   space 15872K, 0% used [0x00000000f2800000,0x00000000f2800000,0x00000000f3780000)
 ParOldGen       total 54272K, used 24626K [0x00000000a4a00000, 0x00000000a7f00000, 0x00000000e1900000)
  object space 54272K, 45% used [0x00000000a4a00000,0x00000000a620ca18,0x00000000a7f00000)
 Metaspace       used 34800K, capacity 35170K, committed 35416K, reserved 1081344K
  class space    used 4225K, capacity 4302K, committed 4352K, reserved 1048576K
Event: 4.234 GC heap after
Heap after GC invocations=11 (full 1):
 PSYoungGen      total 273920K, used 15843K [0x00000000e1900000, 0x00000000f3c80000, 0x0000000100000000)
  eden space 258048K, 0% used [0x00000000e1900000,0x00000000e1900000,0x00000000f1500000)
  from space 15872K, 99% used [0x00000000f2800000,0x00000000f3778ec0,0x00000000f3780000)
  to   space 19456K, 0% used [0x00000000f1500000,0x00000000f1500000,0x00000000f2800000)
 ParOldGen       total 54272K, used 27991K [0x00000000a4a00000, 0x00000000a7f00000, 0x00000000e1900000)
  object space 54272K, 51% used [0x00000000a4a00000,0x00000000a6555df0,0x00000000a7f00000)
 Metaspace       used 34800K, capacity 35170K, committed 35416K, reserved 1081344K
  class space    used 4225K, capacity 4302K, committed 4352K, reserved 1048576K
}
Event: 4.234 GC heap before
{Heap before GC invocations=12 (full 2):
 PSYoungGen      total 273920K, used 15843K [0x00000000e1900000, 0x00000000f3c80000, 0x0000000100000000)
  eden space 258048K, 0% used [0x00000000e1900000,0x00000000e1900000,0x00000000f1500000)
  from space 15872K, 99% used [0x00000000f2800000,0x00000000f3778ec0,0x00000000f3780000)
  to   space 19456K, 0% used [0x00000000f1500000,0x00000000f1500000,0x00000000f2800000)
 ParOldGen       total 54272K, used 27991K [0x00000000a4a00000, 0x00000000a7f00000, 0x00000000e1900000)
  object space 54272K, 51% used [0x00000000a4a00000,0x00000000a6555df0,0x00000000a7f00000)
 Metaspace       used 34800K, capacity 35170K, committed 35416K, reserved 1081344K
  class space    used 4225K, capacity 4302K, committed 4352K, reserved 1048576K
Event: 4.318 GC heap after
Heap after GC invocations=12 (full 2):
 PSYoungGen      total 273920K, used 0K [0x00000000e1900000, 0x00000000f3c80000, 0x0000000100000000)
  eden space 258048K, 0% used [0x00000000e1900000,0x00000000e1900000,0x00000000f1500000)
  from space 15872K, 0% used [0x00000000f2800000,0x00000000f2800000,0x00000000f3780000)
  to   space 19456K, 0% used [0x00000000f1500000,0x00000000f1500000,0x00000000f2800000)
 ParOldGen       total 91136K, used 32426K [0x00000000a4a00000, 0x00000000aa300000, 0x00000000e1900000)
  object space 91136K, 35% used [0x00000000a4a00000,0x00000000a69aab68,0x00000000aa300000)
 Metaspace       used 34800K, capacity 35170K, committed 35416K, reserved 1081344K
  class space    used 4225K, capacity 4302K, committed 4352K, reserved 1048576K
}
Event: 6.212 GC heap before
{Heap before GC invocations=13 (full 2):
 PSYoungGen      total 273920K, used 258048K [0x00000000e1900000, 0x00000000f3c80000, 0x0000000100000000)
  eden space 258048K, 100% used [0x00000000e1900000,0x00000000f1500000,0x00000000f1500000)
  from space 15872K, 0% used [0x00000000f2800000,0x00000000f2800000,0x00000000f3780000)
  to   space 19456K, 0% used [0x00000000f1500000,0x00000000f1500000,0x00000000f2800000)
 ParOldGen       total 91136K, used 32426K [0x00000000a4a00000, 0x00000000aa300000, 0x00000000e1900000)
  object space 91136K, 35% used [0x00000000a4a00000,0x00000000a69aab68,0x00000000aa300000)
 Metaspace       used 48625K, capacity 49168K, committed 49536K, reserved 1093632K
  class space    used 6086K, capacity 6207K, committed 6272K, reserved 1048576K
Event: 6.237 GC heap after
Heap after GC invocations=13 (full 2):
 PSYoungGen      total 277504K, used 19448K [0x00000000e1900000, 0x00000000f8500000, 0x0000000100000000)
  eden space 258048K, 0% used [0x00000000e1900000,0x00000000e1900000,0x00000000f1500000)
  from space 19456K, 99% used [0x00000000f1500000,0x00000000f27fe158,0x00000000f2800000)
  to   space 23040K, 0% used [0x00000000f6e80000,0x00000000f6e80000,0x00000000f8500000)
 ParOldGen       total 91136K, used 35061K [0x00000000a4a00000, 0x00000000aa300000, 0x00000000e1900000)
  object space 91136K, 38% used [0x00000000a4a00000,0x00000000a6c3d668,0x00000000aa300000)
 Metaspace       used 48625K, capacity 49168K, committed 49536K, reserved 1093632K
  class space    used 6086K, capacity 6207K, committed 6272K, reserved 1048576K
}

